<?xml version="1.0" encoding="UTF-8"?>
<!-- Generated by org.testng.reporters.JUnitXMLReporter -->
<testsuite hostname="vrnnb-prc498" ignored="0" name="testNgTry" tests="4" failures="0" timestamp="2021-03-16T16:30:55 MSK" time="0.046" errors="0">
  <testcase name="first" time="0.005" classname="smoke.Test1"/>
  <testcase name="second" time="0.001" classname="smoke.Test1"/>
  <testcase name="third" time="0.0" classname="smoke.Test1"/>
  <testcase name="fourth" time="0.001" classname="AutoUni.DriverInit"/>
</testsuite> <!-- testNgTry -->
