<?xml version="1.0" encoding="UTF-8"?>
<!-- Generated by org.testng.reporters.JUnitXMLReporter -->
<testsuite hostname="vrnnb-prc498" ignored="1" name="first" tests="2" failures="0" timestamp="2021-03-16T16:19:56 MSK" time="0.033" errors="0">
  <testcase name="first" time="0.005" classname="regress.Test1"/>
  <testcase name="second" time="0.0" classname="regress.Test1"/>
  <testcase name="third" time="0.0" classname="regress.Test1">
    <ignored/>
  </testcase> <!-- third -->
</testsuite> <!-- first -->
