<?xml version="1.0" encoding="UTF-8"?>
<!-- Generated by org.testng.reporters.JUnitXMLReporter -->
<testsuite hostname="vrnnb-prc498" ignored="0" name="second" tests="1" failures="1" timestamp="2021-04-14T20:00:43 MSK" time="0.024" errors="0">
  <testcase name="openPage" time="0.002" classname="yandex.PictureDownloading">
    <failure type="java.lang.NullPointerException">
      <![CDATA[java.lang.NullPointerException
at yandex.PictureDownloading.openPage(PictureDownloading.java:12)
at java.util.concurrent.ThreadPoolExecutor.runWorker(ThreadPoolExecutor.java:1149)
at java.util.concurrent.ThreadPoolExecutor$Worker.run(ThreadPoolExecutor.java:624)
at java.lang.Thread.run(Thread.java:748)
... Removed 12 stack frames]]>
    </failure>
  </testcase> <!-- openPage -->
</testsuite> <!-- second -->
