<?xml version="1.0" encoding="UTF-8"?>
<testsuite xmlns:xsi="http://www.w3.org/2001/XMLSchema-instance" xsi:noNamespaceSchemaLocation="https://maven.apache.org/surefire/maven-surefire-plugin/xsd/surefire-test-report-3.0.xsd" version="3.0" name="TestSuite" time="0.693" tests="2" errors="0" skipped="0" failures="0">
  <properties>
[...]
</properties>
  <testcase name="first" classname="regress.Test1" time="0.006">
    <system-out><![CDATA[first_test
]]></system-out>
  </testcase>
  <testcase name="second" classname="regress.Test1" time="0">
    <system-out><![CDATA[second_test
]]></system-out>
  </testcase>
</testsuite>