<?xml version="1.0" encoding="UTF-8" ?>
<testsuite tests="3" failures="1" name="regress.Test1" time="0.009" errors="0" skipped="0">
  <properties>
[...]
</properties>
  <testcase classname="regress.Test1" name="first" time="0.009">
    <failure message="expected [2] but found [1]" type="java.lang.AssertionError">java.lang.AssertionError: expected [2] but found [1]
	at org.testng.Assert.fail(Assert.java:99)
	at org.testng.Assert.failNotEquals(Assert.java:1037)
	at org.testng.Assert.assertEqualsImpl(Assert.java:140)
	at org.testng.Assert.assertEquals(Assert.java:122)
	at org.testng.Assert.assertEquals(Assert.java:907)
	at org.testng.Assert.assertEquals(Assert.java:917)
	at regress.Test1.first(Test1.java:11)
</failure>
    <system-out>Configuring TestNG with: org.apache.maven.surefire.testng.conf.TestNG652Configurator@39a054a5
first_test
</system-out>
  </testcase>
  <testcase classname="regress.Test1" name="second" time="0"/>
  <testcase classname="regress.Test1" name="third" time="0"/>
</testsuite>