<?xml version="1.0" encoding="UTF-8"?>
<testng-results skipped="0" failed="1" ignored="2" total="3" passed="0">
  <reporter-output>
  </reporter-output>
  <suite name="Suite1" duration-ms="42" started-at="2021-04-14T20:00:42 MSK" finished-at="2021-04-14T20:00:43 MSK">
    <groups>
      <group name="yandex">
        <method signature="PictureDownloading.openPage()[pri:0, instance:yandex.PictureDownloading@520a3426]" name="openPage" class="yandex.PictureDownloading"/>
      </group> <!-- yandex -->
    </groups>
    <test name="first" duration-ms="4" started-at="2021-04-14T20:00:42 MSK" finished-at="2021-04-14T20:00:42 MSK">
    </test> <!-- first -->
    <test name="second" duration-ms="24" started-at="2021-04-14T20:00:43 MSK" finished-at="2021-04-14T20:00:43 MSK">
      <class name="yandex.PictureDownloading">
        <test-method status="FAIL" signature="openPage()[pri:0, instance:yandex.PictureDownloading@520a3426]" name="openPage" duration-ms="2" started-at="2021-04-14T20:00:43 MSK" finished-at="2021-04-14T20:00:43 MSK">
          <exception class="java.lang.NullPointerException">
            <full-stacktrace>
              <![CDATA[java.lang.NullPointerException
at yandex.PictureDownloading.openPage(PictureDownloading.java:12)
at sun.reflect.NativeMethodAccessorImpl.invoke0(Native Method)
at sun.reflect.NativeMethodAccessorImpl.invoke(NativeMethodAccessorImpl.java:62)
at sun.reflect.DelegatingMethodAccessorImpl.invoke(DelegatingMethodAccessorImpl.java:43)
at java.lang.reflect.Method.invoke(Method.java:498)
at org.testng.internal.MethodInvocationHelper.invokeMethod(MethodInvocationHelper.java:134)
at org.testng.internal.TestInvoker.invokeMethod(TestInvoker.java:597)
at org.testng.internal.TestInvoker.invokeTestMethod(TestInvoker.java:173)
at org.testng.internal.MethodRunner.runInSequence(MethodRunner.java:46)
at org.testng.internal.TestInvoker$MethodInvocationAgent.invoke(TestInvoker.java:816)
at org.testng.internal.TestInvoker.invokeTestMethods(TestInvoker.java:146)
at org.testng.internal.TestMethodWorker.invokeTestMethods(TestMethodWorker.java:146)
at org.testng.internal.TestMethodWorker.run(TestMethodWorker.java:128)
at java.util.concurrent.ThreadPoolExecutor.runWorker(ThreadPoolExecutor.java:1149)
at java.util.concurrent.ThreadPoolExecutor$Worker.run(ThreadPoolExecutor.java:624)
at java.lang.Thread.run(Thread.java:748)
]]>
            </full-stacktrace>
          </exception> <!-- java.lang.NullPointerException -->
          <reporter-output>
          </reporter-output>
        </test-method> <!-- openPage -->
      </class> <!-- yandex.PictureDownloading -->
    </test> <!-- second -->
  </suite> <!-- Suite1 -->
</testng-results>
